Determining if the pthread_create exist failed with the following output:
Change Dir: /home/eitan/mcfoamy_gazebo/build/CMakeFiles/CMakeTmp

Run Build Command:"/usr/bin/make" "cmTC_84264/fast"
/usr/bin/make -f CMakeFiles/cmTC_84264.dir/build.make CMakeFiles/cmTC_84264.dir/build
make[1]: Entering directory '/home/eitan/mcfoamy_gazebo/build/CMakeFiles/CMakeTmp'
Building C object CMakeFiles/cmTC_84264.dir/CheckSymbolExists.c.o
/usr/bin/cc     -o CMakeFiles/cmTC_84264.dir/CheckSymbolExists.c.o   -c /home/eitan/mcfoamy_gazebo/build/CMakeFiles/CMakeTmp/CheckSymbolExists.c
Linking C executable cmTC_84264
/usr/bin/cmake -E cmake_link_script CMakeFiles/cmTC_84264.dir/link.txt --verbose=1
/usr/bin/cc       CMakeFiles/cmTC_84264.dir/CheckSymbolExists.c.o  -o cmTC_84264 -rdynamic 
CMakeFiles/cmTC_84264.dir/CheckSymbolExists.c.o: In function `main':
CheckSymbolExists.c:(.text+0x16): undefined reference to `pthread_create'
collect2: error: ld returned 1 exit status
CMakeFiles/cmTC_84264.dir/build.make:97: recipe for target 'cmTC_84264' failed
make[1]: *** [cmTC_84264] Error 1
make[1]: Leaving directory '/home/eitan/mcfoamy_gazebo/build/CMakeFiles/CMakeTmp'
Makefile:126: recipe for target 'cmTC_84264/fast' failed
make: *** [cmTC_84264/fast] Error 2

File /home/eitan/mcfoamy_gazebo/build/CMakeFiles/CMakeTmp/CheckSymbolExists.c:
/* */
#include <pthread.h>

int main(int argc, char** argv)
{
  (void)argv;
#ifndef pthread_create
  return ((int*)(&pthread_create))[argc];
#else
  (void)argc;
  return 0;
#endif
}

Determining if the function pthread_create exists in the pthreads failed with the following output:
Change Dir: /home/eitan/mcfoamy_gazebo/build/CMakeFiles/CMakeTmp

Run Build Command:"/usr/bin/make" "cmTC_79783/fast"
/usr/bin/make -f CMakeFiles/cmTC_79783.dir/build.make CMakeFiles/cmTC_79783.dir/build
make[1]: Entering directory '/home/eitan/mcfoamy_gazebo/build/CMakeFiles/CMakeTmp'
Building C object CMakeFiles/cmTC_79783.dir/CheckFunctionExists.c.o
/usr/bin/cc    -DCHECK_FUNCTION_EXISTS=pthread_create   -o CMakeFiles/cmTC_79783.dir/CheckFunctionExists.c.o   -c /usr/share/cmake-3.5/Modules/CheckFunctionExists.c
Linking C executable cmTC_79783
/usr/bin/cmake -E cmake_link_script CMakeFiles/cmTC_79783.dir/link.txt --verbose=1
/usr/bin/cc   -DCHECK_FUNCTION_EXISTS=pthread_create    CMakeFiles/cmTC_79783.dir/CheckFunctionExists.c.o  -o cmTC_79783 -rdynamic -lpthreads 
/usr/bin/ld: cannot find -lpthreads
collect2: error: ld returned 1 exit status
CMakeFiles/cmTC_79783.dir/build.make:97: recipe for target 'cmTC_79783' failed
make[1]: *** [cmTC_79783] Error 1
make[1]: Leaving directory '/home/eitan/mcfoamy_gazebo/build/CMakeFiles/CMakeTmp'
Makefile:126: recipe for target 'cmTC_79783/fast' failed
make: *** [cmTC_79783/fast] Error 2


